<?xml version="1.0" encoding="UTF-8"?>
<!-- Generated by org.testng.reporters.JUnitXMLReporter -->
<testsuite ignored="0" hostname="DESKTOP-GSA085C" failures="0" tests="3" name="Default test" time="65.504" errors="0" timestamp="2022-12-08T14:34:11 IST">
  <testcase classname="testNG.MyTestNGClass" name="facebookTest" time="20.245"/>
  <testcase classname="testNG.MyTestNGClass" name="flipkartTest" time="38.072"/>
  <testcase classname="testNG.MyTestNGClass" name="googleTest" time="7.05"/>
</testsuite> <!-- Default test -->
