<?xml version="1.0" encoding="UTF-8"?>
<testng-results ignored="0" total="3" passed="3" failed="0" skipped="0">
  <reporter-output>
  </reporter-output>
  <suite started-at="2022-12-08T14:33:06 IST" name="Default suite" finished-at="2022-12-08T14:34:11 IST" duration-ms="65504">
    <groups>
    </groups>
    <test started-at="2022-12-08T14:33:06 IST" name="Default test" finished-at="2022-12-08T14:34:11 IST" duration-ms="65504">
      <class name="testNG.MyTestNGClass">
        <test-method signature="facebookTest()[pri:0, instance:testNG.MyTestNGClass@485966cc]" started-at="2022-12-08T14:33:06 IST" name="facebookTest" finished-at="2022-12-08T14:33:26 IST" duration-ms="20245" status="PASS">
          <reporter-output>
          </reporter-output>
        </test-method> <!-- facebookTest -->
        <test-method signature="flipkartTest()[pri:0, instance:testNG.MyTestNGClass@485966cc]" started-at="2022-12-08T14:33:26 IST" name="flipkartTest" finished-at="2022-12-08T14:34:04 IST" duration-ms="38072" status="PASS">
          <reporter-output>
          </reporter-output>
        </test-method> <!-- flipkartTest -->
        <test-method signature="googleTest()[pri:0, instance:testNG.MyTestNGClass@485966cc]" started-at="2022-12-08T14:34:04 IST" name="googleTest" finished-at="2022-12-08T14:34:11 IST" duration-ms="7050" status="PASS">
          <reporter-output>
          </reporter-output>
        </test-method> <!-- googleTest -->
      </class> <!-- testNG.MyTestNGClass -->
    </test> <!-- Default test -->
  </suite> <!-- Default suite -->
</testng-results>
